2023-04-18 20:46:43 INFO  Log:8 - ******
2023-04-18 20:46:43 INFO  Log:9 - ******
2023-04-18 20:46:43 INFO  Log:10 - ***This is the beginning of my Test case***
2023-04-18 20:46:43 INFO  Log:19 - My test case is executing right now
2023-04-18 20:46:43 INFO  Log:24 - My test case might have some trivial issues
2023-04-18 20:47:46 INFO  Log:19 - This test case is about to get completed
2023-04-18 20:47:46 INFO  Log:13 - ######################################
2023-04-18 20:47:46 INFO  Log:14 - ######################################
2023-04-18 20:47:46 INFO  Log:15 - #################This test case is finished#####################
2023-04-21 19:02:03 INFO  Log:8 - ******
2023-04-21 19:02:03 INFO  Log:9 - ******
2023-04-21 19:02:03 INFO  Log:10 - ***This is the beginning of my Test case***
2023-04-21 19:02:03 INFO  Log:19 - My test case is executing right now
2023-04-21 19:02:03 INFO  Log:24 - My test case might have some trivial issues
2023-04-21 19:02:11 INFO  Log:19 - This test case is about to get completed
2023-04-21 19:02:11 INFO  Log:13 - ######################################
2023-04-21 19:02:11 INFO  Log:14 - ######################################
2023-04-21 19:02:11 INFO  Log:15 - #################This test case is finished#####################
2023-04-21 19:03:09 INFO  Log:8 - ******
2023-04-21 19:03:09 INFO  Log:9 - ******
2023-04-21 19:03:09 INFO  Log:10 - ***This is the beginning of my Test case***
2023-04-21 19:03:09 INFO  Log:19 - My test case is executing right now
2023-04-21 19:03:09 INFO  Log:24 - My test case might have some trivial issues
2023-04-21 19:03:18 INFO  Log:19 - This test case is about to get completed
2023-04-21 19:03:18 INFO  Log:13 - ######################################
2023-04-21 19:03:18 INFO  Log:14 - ######################################
2023-04-21 19:03:18 INFO  Log:15 - #################This test case is finished#####################
2023-04-21 19:03:20 INFO  Log:8 - ******
2023-04-21 19:03:20 INFO  Log:9 - ******
2023-04-21 19:03:20 INFO  Log:10 - ***This is the beginning of my Test case***
2023-04-21 19:03:20 INFO  Log:19 - My test case is executing right now
2023-04-21 19:03:20 INFO  Log:24 - My test case might have some trivial issues
2023-04-21 19:03:28 INFO  Log:19 - This test case is about to get completed
2023-04-21 19:03:28 INFO  Log:13 - ######################################
2023-04-21 19:03:28 INFO  Log:14 - ######################################
2023-04-21 19:03:28 INFO  Log:15 - #################This test case is finished#####################
2023-04-21 19:03:31 INFO  Log:8 - ******
2023-04-21 19:03:31 INFO  Log:9 - ******
2023-04-21 19:03:31 INFO  Log:10 - ***This is the beginning of my Test case***
2023-04-21 19:03:31 INFO  Log:19 - My test case is executing right now
2023-04-21 19:03:31 INFO  Log:24 - My test case might have some trivial issues
2023-04-21 19:03:47 INFO  Log:19 - This test case is about to get completed
2023-04-21 19:03:47 INFO  Log:13 - ######################################
2023-04-21 19:03:47 INFO  Log:14 - ######################################
2023-04-21 19:03:47 INFO  Log:15 - #################This test case is finished#####################
2023-04-21 19:03:49 INFO  Log:8 - ******
2023-04-21 19:03:49 INFO  Log:9 - ******
2023-04-21 19:03:49 INFO  Log:10 - ***This is the beginning of my Test case***
2023-04-21 19:03:49 INFO  Log:19 - My test case is executing right now
2023-04-21 19:03:49 INFO  Log:24 - My test case might have some trivial issues
2023-04-21 19:03:52 INFO  Log:19 - This test case is about to get completed
2023-04-21 19:03:52 INFO  Log:13 - ######################################
2023-04-21 19:03:52 INFO  Log:14 - ######################################
2023-04-21 19:03:52 INFO  Log:15 - #################This test case is finished#####################
2023-04-21 19:03:54 INFO  Log:8 - ******
2023-04-21 19:03:54 INFO  Log:9 - ******
2023-04-21 19:03:54 INFO  Log:10 - ***This is the beginning of my Test case***
2023-04-21 19:03:54 INFO  Log:19 - My test case is executing right now
2023-04-21 19:03:54 INFO  Log:24 - My test case might have some trivial issues
2023-04-21 19:03:57 INFO  Log:19 - This test case is about to get completed
2023-04-21 19:03:57 INFO  Log:13 - ######################################
2023-04-21 19:03:57 INFO  Log:14 - ######################################
2023-04-21 19:03:57 INFO  Log:15 - #################This test case is finished#####################
2023-04-21 19:04:00 INFO  Log:8 - ******
2023-04-21 19:04:00 INFO  Log:9 - ******
2023-04-21 19:04:00 INFO  Log:10 - ***This is the beginning of my Test case***
2023-04-21 19:04:00 INFO  Log:19 - My test case is executing right now
2023-04-21 19:04:00 INFO  Log:24 - My test case might have some trivial issues
2023-04-21 19:04:02 INFO  Log:19 - This test case is about to get completed
2023-04-21 19:04:02 INFO  Log:13 - ######################################
2023-04-21 19:04:02 INFO  Log:14 - ######################################
2023-04-21 19:04:02 INFO  Log:15 - #################This test case is finished#####################
2023-04-21 19:04:05 INFO  Log:8 - ******
2023-04-21 19:04:05 INFO  Log:9 - ******
2023-04-21 19:04:05 INFO  Log:10 - ***This is the beginning of my Test case***
2023-04-21 19:04:05 INFO  Log:19 - My test case is executing right now
2023-04-21 19:04:05 INFO  Log:24 - My test case might have some trivial issues
2023-04-21 19:04:07 INFO  Log:19 - This test case is about to get completed
2023-04-21 19:04:07 INFO  Log:13 - ######################################
2023-04-21 19:04:07 INFO  Log:14 - ######################################
2023-04-21 19:04:07 INFO  Log:15 - #################This test case is finished#####################
2023-04-21 19:04:10 INFO  Log:8 - ******
2023-04-21 19:04:10 INFO  Log:9 - ******
2023-04-21 19:04:10 INFO  Log:10 - ***This is the beginning of my Test case***
2023-04-21 19:04:10 INFO  Log:19 - My test case is executing right now
2023-04-21 19:04:10 INFO  Log:24 - My test case might have some trivial issues
2023-04-21 19:04:12 INFO  Log:19 - This test case is about to get completed
2023-04-21 19:04:12 INFO  Log:13 - ######################################
2023-04-21 19:04:12 INFO  Log:14 - ######################################
2023-04-21 19:04:12 INFO  Log:15 - #################This test case is finished#####################
2023-04-21 19:04:14 INFO  Log:8 - ******
2023-04-21 19:04:14 INFO  Log:9 - ******
2023-04-21 19:04:14 INFO  Log:10 - ***This is the beginning of my Test case***
2023-04-21 19:04:14 INFO  Log:19 - My test case is executing right now
2023-04-21 19:04:14 INFO  Log:24 - My test case might have some trivial issues
2023-04-21 19:04:23 INFO  Log:19 - This test case is about to get completed
2023-04-21 19:04:23 INFO  Log:13 - ######################################
2023-04-21 19:04:23 INFO  Log:14 - ######################################
2023-04-21 19:04:23 INFO  Log:15 - #################This test case is finished#####################
2023-04-22 21:52:28 INFO  Log:8 - ******
2023-04-22 21:52:28 INFO  Log:9 - ******
2023-04-22 21:52:28 INFO  Log:10 - ***This is the beginning of my Test case***
2023-04-22 21:52:28 INFO  Log:19 - My test case is executing right now
2023-04-22 21:52:28 INFO  Log:24 - My test case might have some trivial issues
2023-04-22 21:52:37 INFO  Log:19 - This test case is about to get completed
2023-04-22 21:52:37 INFO  Log:13 - ######################################
2023-04-22 21:52:37 INFO  Log:14 - ######################################
2023-04-22 21:52:37 INFO  Log:15 - #################This test case is finished#####################
2023-04-22 21:53:57 INFO  Log:8 - ******
2023-04-22 21:53:57 INFO  Log:9 - ******
2023-04-22 21:53:57 INFO  Log:10 - ***This is the beginning of my Test case***
2023-04-22 21:53:57 INFO  Log:19 - My test case is executing right now
2023-04-22 21:53:57 INFO  Log:24 - My test case might have some trivial issues
2023-04-27 19:44:37 INFO  Log:8 - ******
2023-04-27 19:44:37 INFO  Log:9 - ******
2023-04-27 19:44:37 INFO  Log:10 - ***This is the beginning of my Test case***
2023-04-27 19:44:37 INFO  Log:19 - My test case is executing right now
2023-04-27 19:44:37 INFO  Log:24 - My test case might have some trivial issues
2023-04-27 19:44:46 INFO  Log:19 - This test case is about to get completed
2023-04-27 19:44:46 INFO  Log:13 - ######################################
2023-04-27 19:44:46 INFO  Log:14 - ######################################
2023-04-27 19:44:46 INFO  Log:15 - #################This test case is finished#####################
2023-05-13 18:40:59 INFO  Log:8 - ******
2023-05-13 18:40:59 INFO  Log:9 - ******
2023-05-13 18:40:59 INFO  Log:10 - ***This is the beginning of my Test case***
2023-05-13 18:40:59 INFO  Log:19 - My test case is executing right now
2023-05-13 18:40:59 INFO  Log:24 - My test case might have some trivial issues
2023-05-13 18:41:06 INFO  Log:19 - This test case is about to get completed
2023-05-13 18:41:06 INFO  Log:13 - ######################################
2023-05-13 18:41:06 INFO  Log:14 - ######################################
2023-05-13 18:41:06 INFO  Log:15 - #################This test case is finished#####################
2023-05-13 18:42:45 INFO  Log:8 - ******
2023-05-13 18:42:45 INFO  Log:9 - ******
2023-05-13 18:42:45 INFO  Log:10 - ***This is the beginning of my Test case***
2023-05-13 18:42:45 INFO  Log:19 - My test case is executing right now
2023-05-13 18:42:45 INFO  Log:24 - My test case might have some trivial issues
2023-05-13 18:42:51 INFO  Log:19 - This test case is about to get completed
2023-05-13 18:42:51 INFO  Log:13 - ######################################
2023-05-13 18:42:51 INFO  Log:14 - ######################################
2023-05-13 18:42:51 INFO  Log:15 - #################This test case is finished#####################
2023-05-13 18:42:54 INFO  Log:8 - ******
2023-05-13 18:42:54 INFO  Log:9 - ******
2023-05-13 18:42:54 INFO  Log:10 - ***This is the beginning of my Test case***
2023-05-13 18:42:54 INFO  Log:19 - My test case is executing right now
2023-05-13 18:42:54 INFO  Log:24 - My test case might have some trivial issues
2023-05-13 18:43:01 INFO  Log:19 - This test case is about to get completed
2023-05-13 18:43:01 INFO  Log:13 - ######################################
2023-05-13 18:43:01 INFO  Log:14 - ######################################
2023-05-13 18:43:01 INFO  Log:15 - #################This test case is finished#####################
2023-05-13 18:43:03 INFO  Log:8 - ******
2023-05-13 18:43:03 INFO  Log:9 - ******
2023-05-13 18:43:03 INFO  Log:10 - ***This is the beginning of my Test case***
2023-05-13 18:43:03 INFO  Log:19 - My test case is executing right now
2023-05-13 18:43:03 INFO  Log:24 - My test case might have some trivial issues
2023-05-13 18:43:09 INFO  Log:19 - This test case is about to get completed
2023-05-13 18:43:09 INFO  Log:13 - ######################################
2023-05-13 18:43:09 INFO  Log:14 - ######################################
2023-05-13 18:43:09 INFO  Log:15 - #################This test case is finished#####################
2023-05-13 18:43:11 INFO  Log:8 - ******
2023-05-13 18:43:11 INFO  Log:9 - ******
2023-05-13 18:43:11 INFO  Log:10 - ***This is the beginning of my Test case***
2023-05-13 18:43:11 INFO  Log:19 - My test case is executing right now
2023-05-13 18:43:11 INFO  Log:24 - My test case might have some trivial issues
2023-05-13 18:43:19 INFO  Log:19 - This test case is about to get completed
2023-05-13 18:43:19 INFO  Log:13 - ######################################
2023-05-13 18:43:19 INFO  Log:14 - ######################################
2023-05-13 18:43:19 INFO  Log:15 - #################This test case is finished#####################
2023-05-13 18:43:21 INFO  Log:8 - ******
2023-05-13 18:43:21 INFO  Log:9 - ******
2023-05-13 18:43:21 INFO  Log:10 - ***This is the beginning of my Test case***
2023-05-13 18:43:21 INFO  Log:19 - My test case is executing right now
2023-05-13 18:43:21 INFO  Log:24 - My test case might have some trivial issues
2023-05-13 18:43:23 INFO  Log:19 - This test case is about to get completed
2023-05-13 18:43:23 INFO  Log:13 - ######################################
2023-05-13 18:43:23 INFO  Log:14 - ######################################
2023-05-13 18:43:23 INFO  Log:15 - #################This test case is finished#####################
2023-05-13 18:43:26 INFO  Log:8 - ******
2023-05-13 18:43:26 INFO  Log:9 - ******
2023-05-13 18:43:26 INFO  Log:10 - ***This is the beginning of my Test case***
2023-05-13 18:43:26 INFO  Log:19 - My test case is executing right now
2023-05-13 18:43:26 INFO  Log:24 - My test case might have some trivial issues
2023-05-13 18:43:29 INFO  Log:19 - This test case is about to get completed
2023-05-13 18:43:29 INFO  Log:13 - ######################################
2023-05-13 18:43:29 INFO  Log:14 - ######################################
2023-05-13 18:43:29 INFO  Log:15 - #################This test case is finished#####################
2023-05-13 18:43:31 INFO  Log:8 - ******
2023-05-13 18:43:31 INFO  Log:9 - ******
2023-05-13 18:43:31 INFO  Log:10 - ***This is the beginning of my Test case***
2023-05-13 18:43:31 INFO  Log:19 - My test case is executing right now
2023-05-13 18:43:31 INFO  Log:24 - My test case might have some trivial issues
2023-05-13 18:43:33 INFO  Log:19 - This test case is about to get completed
2023-05-13 18:43:33 INFO  Log:13 - ######################################
2023-05-13 18:43:33 INFO  Log:14 - ######################################
2023-05-13 18:43:33 INFO  Log:15 - #################This test case is finished#####################
2023-05-13 18:43:35 INFO  Log:8 - ******
2023-05-13 18:43:35 INFO  Log:9 - ******
2023-05-13 18:43:35 INFO  Log:10 - ***This is the beginning of my Test case***
2023-05-13 18:43:35 INFO  Log:19 - My test case is executing right now
2023-05-13 18:43:35 INFO  Log:24 - My test case might have some trivial issues
2023-05-13 18:43:37 INFO  Log:19 - This test case is about to get completed
2023-05-13 18:43:37 INFO  Log:13 - ######################################
2023-05-13 18:43:37 INFO  Log:14 - ######################################
2023-05-13 18:43:37 INFO  Log:15 - #################This test case is finished#####################
2023-05-13 18:43:39 INFO  Log:8 - ******
2023-05-13 18:43:39 INFO  Log:9 - ******
2023-05-13 18:43:39 INFO  Log:10 - ***This is the beginning of my Test case***
2023-05-13 18:43:39 INFO  Log:19 - My test case is executing right now
2023-05-13 18:43:39 INFO  Log:24 - My test case might have some trivial issues
2023-05-13 18:43:41 INFO  Log:19 - This test case is about to get completed
2023-05-13 18:43:41 INFO  Log:13 - ######################################
2023-05-13 18:43:41 INFO  Log:14 - ######################################
2023-05-13 18:43:41 INFO  Log:15 - #################This test case is finished#####################
2023-05-13 18:43:43 INFO  Log:8 - ******
2023-05-13 18:43:43 INFO  Log:9 - ******
2023-05-13 18:43:43 INFO  Log:10 - ***This is the beginning of my Test case***
2023-05-13 18:43:43 INFO  Log:19 - My test case is executing right now
2023-05-13 18:43:43 INFO  Log:24 - My test case might have some trivial issues
2023-05-13 18:43:50 INFO  Log:19 - This test case is about to get completed
2023-05-13 18:43:50 INFO  Log:13 - ######################################
2023-05-13 18:43:50 INFO  Log:14 - ######################################
2023-05-13 18:43:50 INFO  Log:15 - #################This test case is finished#####################
2023-05-13 18:47:25 INFO  Log:8 - ******
2023-05-13 18:47:25 INFO  Log:9 - ******
2023-05-13 18:47:25 INFO  Log:10 - ***This is the beginning of my Test case***
2023-05-13 18:47:25 INFO  Log:19 - My test case is executing right now
2023-05-13 18:47:25 INFO  Log:24 - My test case might have some trivial issues
2023-05-13 18:47:31 INFO  Log:19 - This test case is about to get completed
2023-05-13 18:47:31 INFO  Log:13 - ######################################
2023-05-13 18:47:31 INFO  Log:14 - ######################################
2023-05-13 18:47:31 INFO  Log:15 - #################This test case is finished#####################
2023-05-13 18:47:33 INFO  Log:8 - ******
2023-05-13 18:47:33 INFO  Log:9 - ******
2023-05-13 18:47:33 INFO  Log:10 - ***This is the beginning of my Test case***
2023-05-13 18:47:33 INFO  Log:19 - My test case is executing right now
2023-05-13 18:47:33 INFO  Log:24 - My test case might have some trivial issues
2023-05-13 18:47:40 INFO  Log:19 - This test case is about to get completed
2023-05-13 18:47:40 INFO  Log:13 - ######################################
2023-05-13 18:47:40 INFO  Log:14 - ######################################
2023-05-13 18:47:40 INFO  Log:15 - #################This test case is finished#####################
2023-05-13 18:47:43 INFO  Log:8 - ******
2023-05-13 18:47:43 INFO  Log:9 - ******
2023-05-13 18:47:43 INFO  Log:10 - ***This is the beginning of my Test case***
2023-05-13 18:47:43 INFO  Log:19 - My test case is executing right now
2023-05-13 18:47:43 INFO  Log:24 - My test case might have some trivial issues
2023-05-13 18:47:48 INFO  Log:19 - This test case is about to get completed
2023-05-13 18:47:48 INFO  Log:13 - ######################################
2023-05-13 18:47:48 INFO  Log:14 - ######################################
2023-05-13 18:47:48 INFO  Log:15 - #################This test case is finished#####################
2023-05-13 18:47:51 INFO  Log:8 - ******
2023-05-13 18:47:51 INFO  Log:9 - ******
2023-05-13 18:47:51 INFO  Log:10 - ***This is the beginning of my Test case***
2023-05-13 18:47:51 INFO  Log:19 - My test case is executing right now
2023-05-13 18:47:51 INFO  Log:24 - My test case might have some trivial issues
2023-05-13 18:47:59 INFO  Log:19 - This test case is about to get completed
2023-05-13 18:47:59 INFO  Log:13 - ######################################
2023-05-13 18:47:59 INFO  Log:14 - ######################################
2023-05-13 18:47:59 INFO  Log:15 - #################This test case is finished#####################
2023-05-13 18:48:01 INFO  Log:8 - ******
2023-05-13 18:48:01 INFO  Log:9 - ******
2023-05-13 18:48:01 INFO  Log:10 - ***This is the beginning of my Test case***
2023-05-13 18:48:01 INFO  Log:19 - My test case is executing right now
2023-05-13 18:48:01 INFO  Log:24 - My test case might have some trivial issues
2023-05-13 18:48:03 INFO  Log:19 - This test case is about to get completed
2023-05-13 18:48:03 INFO  Log:13 - ######################################
2023-05-13 18:48:03 INFO  Log:14 - ######################################
2023-05-13 18:48:03 INFO  Log:15 - #################This test case is finished#####################
2023-05-13 18:48:05 INFO  Log:8 - ******
2023-05-13 18:48:05 INFO  Log:9 - ******
2023-05-13 18:48:05 INFO  Log:10 - ***This is the beginning of my Test case***
2023-05-13 18:48:05 INFO  Log:19 - My test case is executing right now
2023-05-13 18:48:05 INFO  Log:24 - My test case might have some trivial issues
2023-05-13 18:48:08 INFO  Log:19 - This test case is about to get completed
2023-05-13 18:48:08 INFO  Log:13 - ######################################
2023-05-13 18:48:08 INFO  Log:14 - ######################################
2023-05-13 18:48:08 INFO  Log:15 - #################This test case is finished#####################
2023-05-13 18:48:10 INFO  Log:8 - ******
2023-05-13 18:48:10 INFO  Log:9 - ******
2023-05-13 18:48:10 INFO  Log:10 - ***This is the beginning of my Test case***
2023-05-13 18:48:10 INFO  Log:19 - My test case is executing right now
2023-05-13 18:48:10 INFO  Log:24 - My test case might have some trivial issues
2023-05-13 18:48:12 INFO  Log:19 - This test case is about to get completed
2023-05-13 18:48:12 INFO  Log:13 - ######################################
2023-05-13 18:48:12 INFO  Log:14 - ######################################
2023-05-13 18:48:12 INFO  Log:15 - #################This test case is finished#####################
2023-05-13 18:48:14 INFO  Log:8 - ******
2023-05-13 18:48:14 INFO  Log:9 - ******
2023-05-13 18:48:14 INFO  Log:10 - ***This is the beginning of my Test case***
2023-05-13 18:48:14 INFO  Log:19 - My test case is executing right now
2023-05-13 18:48:14 INFO  Log:24 - My test case might have some trivial issues
2023-05-13 18:48:17 INFO  Log:19 - This test case is about to get completed
2023-05-13 18:48:17 INFO  Log:13 - ######################################
2023-05-13 18:48:17 INFO  Log:14 - ######################################
2023-05-13 18:48:17 INFO  Log:15 - #################This test case is finished#####################
2023-05-13 18:48:19 INFO  Log:8 - ******
2023-05-13 18:48:19 INFO  Log:9 - ******
2023-05-13 18:48:19 INFO  Log:10 - ***This is the beginning of my Test case***
2023-05-13 18:48:19 INFO  Log:19 - My test case is executing right now
2023-05-13 18:48:19 INFO  Log:24 - My test case might have some trivial issues
2023-05-13 18:48:22 INFO  Log:19 - This test case is about to get completed
2023-05-13 18:48:22 INFO  Log:13 - ######################################
2023-05-13 18:48:22 INFO  Log:14 - ######################################
2023-05-13 18:48:22 INFO  Log:15 - #################This test case is finished#####################
2023-05-13 18:48:24 INFO  Log:8 - ******
2023-05-13 18:48:24 INFO  Log:9 - ******
2023-05-13 18:48:24 INFO  Log:10 - ***This is the beginning of my Test case***
2023-05-13 18:48:24 INFO  Log:19 - My test case is executing right now
2023-05-13 18:48:24 INFO  Log:24 - My test case might have some trivial issues
2023-05-13 18:48:31 INFO  Log:19 - This test case is about to get completed
2023-05-13 18:48:31 INFO  Log:13 - ######################################
2023-05-13 18:48:31 INFO  Log:14 - ######################################
2023-05-13 18:48:31 INFO  Log:15 - #################This test case is finished#####################
2023-05-13 19:00:40 INFO  Log:8 - ******
2023-05-13 19:00:40 INFO  Log:9 - ******
2023-05-13 19:00:40 INFO  Log:10 - ***This is the beginning of my Test case***
2023-05-13 19:00:40 INFO  Log:19 - My test case is executing right now
2023-05-13 19:00:40 INFO  Log:24 - My test case might have some trivial issues
2023-05-13 19:00:46 INFO  Log:19 - This test case is about to get completed
2023-05-13 19:00:46 INFO  Log:13 - ######################################
2023-05-13 19:00:46 INFO  Log:14 - ######################################
2023-05-13 19:00:46 INFO  Log:15 - #################This test case is finished#####################
2023-05-13 19:00:48 INFO  Log:8 - ******
2023-05-13 19:00:48 INFO  Log:9 - ******
2023-05-13 19:00:48 INFO  Log:10 - ***This is the beginning of my Test case***
2023-05-13 19:00:48 INFO  Log:19 - My test case is executing right now
2023-05-13 19:00:48 INFO  Log:24 - My test case might have some trivial issues
2023-05-13 19:00:54 INFO  Log:19 - This test case is about to get completed
2023-05-13 19:00:54 INFO  Log:13 - ######################################
2023-05-13 19:00:54 INFO  Log:14 - ######################################
2023-05-13 19:00:54 INFO  Log:15 - #################This test case is finished#####################
2023-05-13 19:00:57 INFO  Log:8 - ******
2023-05-13 19:00:57 INFO  Log:9 - ******
2023-05-13 19:00:57 INFO  Log:10 - ***This is the beginning of my Test case***
2023-05-13 19:00:57 INFO  Log:19 - My test case is executing right now
2023-05-13 19:00:57 INFO  Log:24 - My test case might have some trivial issues
2023-05-13 19:01:05 INFO  Log:19 - This test case is about to get completed
2023-05-13 19:01:05 INFO  Log:13 - ######################################
2023-05-13 19:01:05 INFO  Log:14 - ######################################
2023-05-13 19:01:05 INFO  Log:15 - #################This test case is finished#####################
2023-05-13 19:01:08 INFO  Log:8 - ******
2023-05-13 19:01:08 INFO  Log:9 - ******
2023-05-13 19:01:08 INFO  Log:10 - ***This is the beginning of my Test case***
2023-05-13 19:01:08 INFO  Log:19 - My test case is executing right now
2023-05-13 19:01:08 INFO  Log:24 - My test case might have some trivial issues
2023-05-13 19:01:10 INFO  Log:19 - This test case is about to get completed
2023-05-13 19:01:10 INFO  Log:13 - ######################################
2023-05-13 19:01:10 INFO  Log:14 - ######################################
2023-05-13 19:01:10 INFO  Log:15 - #################This test case is finished#####################
2023-05-13 19:01:38 INFO  Log:8 - ******
2023-05-13 19:01:38 INFO  Log:9 - ******
2023-05-13 19:01:38 INFO  Log:10 - ***This is the beginning of my Test case***
2023-05-13 19:01:38 INFO  Log:19 - My test case is executing right now
2023-05-13 19:01:38 INFO  Log:24 - My test case might have some trivial issues
2023-05-13 19:01:40 INFO  Log:19 - This test case is about to get completed
2023-05-13 19:01:40 INFO  Log:13 - ######################################
2023-05-13 19:01:40 INFO  Log:14 - ######################################
2023-05-13 19:01:40 INFO  Log:15 - #################This test case is finished#####################
2023-05-13 19:02:39 INFO  Log:8 - ******
2023-05-13 19:02:39 INFO  Log:9 - ******
2023-05-13 19:02:39 INFO  Log:10 - ***This is the beginning of my Test case***
2023-05-13 19:02:39 INFO  Log:19 - My test case is executing right now
2023-05-13 19:02:39 INFO  Log:24 - My test case might have some trivial issues
2023-05-13 19:02:41 INFO  Log:19 - This test case is about to get completed
2023-05-13 19:02:41 INFO  Log:13 - ######################################
2023-05-13 19:02:41 INFO  Log:14 - ######################################
2023-05-13 19:02:41 INFO  Log:15 - #################This test case is finished#####################
2023-05-13 19:02:44 INFO  Log:8 - ******
2023-05-13 19:02:44 INFO  Log:9 - ******
2023-05-13 19:02:44 INFO  Log:10 - ***This is the beginning of my Test case***
2023-05-13 19:02:44 INFO  Log:19 - My test case is executing right now
2023-05-13 19:02:44 INFO  Log:24 - My test case might have some trivial issues
2023-05-13 19:02:46 INFO  Log:19 - This test case is about to get completed
2023-05-13 19:02:46 INFO  Log:13 - ######################################
2023-05-13 19:02:46 INFO  Log:14 - ######################################
2023-05-13 19:02:46 INFO  Log:15 - #################This test case is finished#####################
2023-05-13 19:02:49 INFO  Log:8 - ******
2023-05-13 19:02:49 INFO  Log:9 - ******
2023-05-13 19:02:49 INFO  Log:10 - ***This is the beginning of my Test case***
2023-05-13 19:02:49 INFO  Log:19 - My test case is executing right now
2023-05-13 19:02:49 INFO  Log:24 - My test case might have some trivial issues
2023-05-13 19:02:51 INFO  Log:19 - This test case is about to get completed
2023-05-13 19:02:51 INFO  Log:13 - ######################################
2023-05-13 19:02:51 INFO  Log:14 - ######################################
2023-05-13 19:02:51 INFO  Log:15 - #################This test case is finished#####################
2023-05-13 19:05:16 INFO  Log:8 - ******
2023-05-13 19:05:16 INFO  Log:9 - ******
2023-05-13 19:05:16 INFO  Log:10 - ***This is the beginning of my Test case***
2023-05-13 19:05:16 INFO  Log:19 - My test case is executing right now
2023-05-13 19:05:16 INFO  Log:24 - My test case might have some trivial issues
2023-05-13 19:05:22 INFO  Log:19 - This test case is about to get completed
2023-05-13 19:05:22 INFO  Log:13 - ######################################
2023-05-13 19:05:22 INFO  Log:14 - ######################################
2023-05-13 19:05:22 INFO  Log:15 - #################This test case is finished#####################
2023-05-13 19:05:24 INFO  Log:8 - ******
2023-05-13 19:05:24 INFO  Log:9 - ******
2023-05-13 19:05:24 INFO  Log:10 - ***This is the beginning of my Test case***
2023-05-13 19:05:24 INFO  Log:19 - My test case is executing right now
2023-05-13 19:05:24 INFO  Log:24 - My test case might have some trivial issues
2023-05-13 19:05:31 INFO  Log:19 - This test case is about to get completed
2023-05-13 19:05:31 INFO  Log:13 - ######################################
2023-05-13 19:05:31 INFO  Log:14 - ######################################
2023-05-13 19:05:31 INFO  Log:15 - #################This test case is finished#####################
2023-05-13 19:05:33 INFO  Log:8 - ******
2023-05-13 19:05:33 INFO  Log:9 - ******
2023-05-13 19:05:33 INFO  Log:10 - ***This is the beginning of my Test case***
2023-05-13 19:05:33 INFO  Log:19 - My test case is executing right now
2023-05-13 19:05:33 INFO  Log:24 - My test case might have some trivial issues
2023-05-13 19:05:39 INFO  Log:19 - This test case is about to get completed
2023-05-13 19:05:39 INFO  Log:13 - ######################################
2023-05-13 19:05:39 INFO  Log:14 - ######################################
2023-05-13 19:05:39 INFO  Log:15 - #################This test case is finished#####################
2023-05-13 19:05:41 INFO  Log:8 - ******
2023-05-13 19:05:41 INFO  Log:9 - ******
2023-05-13 19:05:41 INFO  Log:10 - ***This is the beginning of my Test case***
2023-05-13 19:05:41 INFO  Log:19 - My test case is executing right now
2023-05-13 19:05:41 INFO  Log:24 - My test case might have some trivial issues
2023-05-13 19:05:49 INFO  Log:19 - This test case is about to get completed
2023-05-13 19:05:49 INFO  Log:13 - ######################################
2023-05-13 19:05:49 INFO  Log:14 - ######################################
2023-05-13 19:05:49 INFO  Log:15 - #################This test case is finished#####################
2023-05-13 19:05:51 INFO  Log:8 - ******
2023-05-13 19:05:51 INFO  Log:9 - ******
2023-05-13 19:05:51 INFO  Log:10 - ***This is the beginning of my Test case***
2023-05-13 19:05:51 INFO  Log:19 - My test case is executing right now
2023-05-13 19:05:51 INFO  Log:24 - My test case might have some trivial issues
2023-05-13 19:05:53 INFO  Log:19 - This test case is about to get completed
2023-05-13 19:05:53 INFO  Log:13 - ######################################
2023-05-13 19:05:53 INFO  Log:14 - ######################################
2023-05-13 19:05:53 INFO  Log:15 - #################This test case is finished#####################
2023-05-13 19:05:55 INFO  Log:8 - ******
2023-05-13 19:05:55 INFO  Log:9 - ******
2023-05-13 19:05:55 INFO  Log:10 - ***This is the beginning of my Test case***
2023-05-13 19:05:55 INFO  Log:19 - My test case is executing right now
2023-05-13 19:05:55 INFO  Log:24 - My test case might have some trivial issues
2023-05-13 19:05:57 INFO  Log:19 - This test case is about to get completed
2023-05-13 19:05:57 INFO  Log:13 - ######################################
2023-05-13 19:05:57 INFO  Log:14 - ######################################
2023-05-13 19:05:57 INFO  Log:15 - #################This test case is finished#####################
2023-05-13 19:05:59 INFO  Log:8 - ******
2023-05-13 19:05:59 INFO  Log:9 - ******
2023-05-13 19:05:59 INFO  Log:10 - ***This is the beginning of my Test case***
2023-05-13 19:05:59 INFO  Log:19 - My test case is executing right now
2023-05-13 19:05:59 INFO  Log:24 - My test case might have some trivial issues
2023-05-13 19:06:02 INFO  Log:19 - This test case is about to get completed
2023-05-13 19:06:02 INFO  Log:13 - ######################################
2023-05-13 19:06:02 INFO  Log:14 - ######################################
2023-05-13 19:06:02 INFO  Log:15 - #################This test case is finished#####################
2023-05-13 19:06:03 INFO  Log:8 - ******
2023-05-13 19:06:03 INFO  Log:9 - ******
2023-05-13 19:06:03 INFO  Log:10 - ***This is the beginning of my Test case***
2023-05-13 19:06:03 INFO  Log:19 - My test case is executing right now
2023-05-13 19:06:03 INFO  Log:24 - My test case might have some trivial issues
2023-05-13 19:06:06 INFO  Log:19 - This test case is about to get completed
2023-05-13 19:06:06 INFO  Log:13 - ######################################
2023-05-13 19:06:06 INFO  Log:14 - ######################################
2023-05-13 19:06:06 INFO  Log:15 - #################This test case is finished#####################
2023-05-13 19:06:08 INFO  Log:8 - ******
2023-05-13 19:06:08 INFO  Log:9 - ******
2023-05-13 19:06:08 INFO  Log:10 - ***This is the beginning of my Test case***
2023-05-13 19:06:08 INFO  Log:19 - My test case is executing right now
2023-05-13 19:06:08 INFO  Log:24 - My test case might have some trivial issues
2023-05-13 19:06:10 INFO  Log:19 - This test case is about to get completed
2023-05-13 19:06:10 INFO  Log:13 - ######################################
2023-05-13 19:06:10 INFO  Log:14 - ######################################
2023-05-13 19:06:10 INFO  Log:15 - #################This test case is finished#####################
2023-05-13 19:06:12 INFO  Log:8 - ******
2023-05-13 19:06:12 INFO  Log:9 - ******
2023-05-13 19:06:12 INFO  Log:10 - ***This is the beginning of my Test case***
2023-05-13 19:06:12 INFO  Log:19 - My test case is executing right now
2023-05-13 19:06:12 INFO  Log:24 - My test case might have some trivial issues
2023-05-13 19:06:19 INFO  Log:19 - This test case is about to get completed
2023-05-13 19:06:19 INFO  Log:13 - ######################################
2023-05-13 19:06:19 INFO  Log:14 - ######################################
2023-05-13 19:06:19 INFO  Log:15 - #################This test case is finished#####################
2023-05-13 19:07:19 INFO  Log:8 - ******
2023-05-13 19:07:19 INFO  Log:9 - ******
2023-05-13 19:07:19 INFO  Log:10 - ***This is the beginning of my Test case***
2023-05-13 19:07:19 INFO  Log:19 - My test case is executing right now
2023-05-13 19:07:19 INFO  Log:24 - My test case might have some trivial issues
2023-05-13 19:07:25 INFO  Log:19 - This test case is about to get completed
2023-05-13 19:07:25 INFO  Log:13 - ######################################
2023-05-13 19:07:25 INFO  Log:14 - ######################################
2023-05-13 19:07:25 INFO  Log:15 - #################This test case is finished#####################
2023-05-13 19:10:54 INFO  Log:8 - ******
2023-05-13 19:10:54 INFO  Log:9 - ******
2023-05-13 19:10:54 INFO  Log:10 - ***This is the beginning of my Test case***
2023-05-13 19:10:54 INFO  Log:19 - My test case is executing right now
2023-05-13 19:10:54 INFO  Log:24 - My test case might have some trivial issues
2023-05-13 19:11:00 INFO  Log:19 - This test case is about to get completed
2023-05-13 19:11:00 INFO  Log:13 - ######################################
2023-05-13 19:11:00 INFO  Log:14 - ######################################
2023-05-13 19:11:00 INFO  Log:15 - #################This test case is finished#####################
2023-05-13 19:11:38 INFO  Log:8 - ******
2023-05-13 19:11:38 INFO  Log:9 - ******
2023-05-13 19:11:38 INFO  Log:10 - ***This is the beginning of my Test case***
2023-05-13 19:11:38 INFO  Log:19 - My test case is executing right now
2023-05-13 19:11:38 INFO  Log:24 - My test case might have some trivial issues
2023-05-13 19:11:45 INFO  Log:19 - This test case is about to get completed
2023-05-13 19:11:45 INFO  Log:13 - ######################################
2023-05-13 19:11:45 INFO  Log:14 - ######################################
2023-05-13 19:11:45 INFO  Log:15 - #################This test case is finished#####################
2023-05-13 19:12:19 INFO  Log:8 - ******
2023-05-13 19:12:19 INFO  Log:9 - ******
2023-05-13 19:12:19 INFO  Log:10 - ***This is the beginning of my Test case***
2023-05-13 19:12:19 INFO  Log:19 - My test case is executing right now
2023-05-13 19:12:19 INFO  Log:24 - My test case might have some trivial issues
2023-05-13 19:12:24 INFO  Log:19 - This test case is about to get completed
2023-05-13 19:12:24 INFO  Log:13 - ######################################
2023-05-13 19:12:24 INFO  Log:14 - ######################################
2023-05-13 19:12:24 INFO  Log:15 - #################This test case is finished#####################
2023-05-13 19:12:26 INFO  Log:8 - ******
2023-05-13 19:12:26 INFO  Log:9 - ******
2023-05-13 19:12:26 INFO  Log:10 - ***This is the beginning of my Test case***
2023-05-13 19:12:26 INFO  Log:19 - My test case is executing right now
2023-05-13 19:12:26 INFO  Log:24 - My test case might have some trivial issues
2023-05-13 19:12:34 INFO  Log:19 - This test case is about to get completed
2023-05-13 19:12:34 INFO  Log:13 - ######################################
2023-05-13 19:12:34 INFO  Log:14 - ######################################
2023-05-13 19:12:34 INFO  Log:15 - #################This test case is finished#####################
2023-05-13 19:12:36 INFO  Log:8 - ******
2023-05-13 19:12:36 INFO  Log:9 - ******
2023-05-13 19:12:36 INFO  Log:10 - ***This is the beginning of my Test case***
2023-05-13 19:12:36 INFO  Log:19 - My test case is executing right now
2023-05-13 19:12:36 INFO  Log:24 - My test case might have some trivial issues
2023-05-13 19:12:41 INFO  Log:19 - This test case is about to get completed
2023-05-13 19:12:41 INFO  Log:13 - ######################################
2023-05-13 19:12:41 INFO  Log:14 - ######################################
2023-05-13 19:12:41 INFO  Log:15 - #################This test case is finished#####################
2023-05-13 19:12:43 INFO  Log:8 - ******
2023-05-13 19:12:43 INFO  Log:9 - ******
2023-05-13 19:12:43 INFO  Log:10 - ***This is the beginning of my Test case***
2023-05-13 19:12:43 INFO  Log:19 - My test case is executing right now
2023-05-13 19:12:43 INFO  Log:24 - My test case might have some trivial issues
2023-05-13 19:12:52 INFO  Log:19 - This test case is about to get completed
2023-05-13 19:12:52 INFO  Log:13 - ######################################
2023-05-13 19:12:52 INFO  Log:14 - ######################################
2023-05-13 19:12:52 INFO  Log:15 - #################This test case is finished#####################
2023-05-13 19:12:54 INFO  Log:8 - ******
2023-05-13 19:12:54 INFO  Log:9 - ******
2023-05-13 19:12:54 INFO  Log:10 - ***This is the beginning of my Test case***
2023-05-13 19:12:54 INFO  Log:19 - My test case is executing right now
2023-05-13 19:12:54 INFO  Log:24 - My test case might have some trivial issues
2023-05-13 19:12:56 INFO  Log:19 - This test case is about to get completed
2023-05-13 19:12:56 INFO  Log:13 - ######################################
2023-05-13 19:12:56 INFO  Log:14 - ######################################
2023-05-13 19:12:56 INFO  Log:15 - #################This test case is finished#####################
2023-05-13 19:12:58 INFO  Log:8 - ******
2023-05-13 19:12:58 INFO  Log:9 - ******
2023-05-13 19:12:58 INFO  Log:10 - ***This is the beginning of my Test case***
2023-05-13 19:12:58 INFO  Log:19 - My test case is executing right now
2023-05-13 19:12:58 INFO  Log:24 - My test case might have some trivial issues
2023-05-13 19:13:00 INFO  Log:19 - This test case is about to get completed
2023-05-13 19:13:00 INFO  Log:13 - ######################################
2023-05-13 19:13:00 INFO  Log:14 - ######################################
2023-05-13 19:13:00 INFO  Log:15 - #################This test case is finished#####################
2023-05-13 19:13:02 INFO  Log:8 - ******
2023-05-13 19:13:02 INFO  Log:9 - ******
2023-05-13 19:13:02 INFO  Log:10 - ***This is the beginning of my Test case***
2023-05-13 19:13:02 INFO  Log:19 - My test case is executing right now
2023-05-13 19:13:02 INFO  Log:24 - My test case might have some trivial issues
2023-05-13 19:13:04 INFO  Log:19 - This test case is about to get completed
2023-05-13 19:13:04 INFO  Log:13 - ######################################
2023-05-13 19:13:04 INFO  Log:14 - ######################################
2023-05-13 19:13:04 INFO  Log:15 - #################This test case is finished#####################
2023-05-13 19:13:06 INFO  Log:8 - ******
2023-05-13 19:13:06 INFO  Log:9 - ******
2023-05-13 19:13:06 INFO  Log:10 - ***This is the beginning of my Test case***
2023-05-13 19:13:06 INFO  Log:19 - My test case is executing right now
2023-05-13 19:13:06 INFO  Log:24 - My test case might have some trivial issues
2023-05-13 19:13:09 INFO  Log:19 - This test case is about to get completed
2023-05-13 19:13:09 INFO  Log:13 - ######################################
2023-05-13 19:13:09 INFO  Log:14 - ######################################
2023-05-13 19:13:09 INFO  Log:15 - #################This test case is finished#####################
2023-05-13 19:13:11 INFO  Log:8 - ******
2023-05-13 19:13:11 INFO  Log:9 - ******
2023-05-13 19:13:11 INFO  Log:10 - ***This is the beginning of my Test case***
2023-05-13 19:13:11 INFO  Log:19 - My test case is executing right now
2023-05-13 19:13:11 INFO  Log:24 - My test case might have some trivial issues
2023-05-13 19:13:13 INFO  Log:19 - This test case is about to get completed
2023-05-13 19:13:13 INFO  Log:13 - ######################################
2023-05-13 19:13:13 INFO  Log:14 - ######################################
2023-05-13 19:13:13 INFO  Log:15 - #################This test case is finished#####################
2023-05-13 19:13:15 INFO  Log:8 - ******
2023-05-13 19:13:15 INFO  Log:9 - ******
2023-05-13 19:13:15 INFO  Log:10 - ***This is the beginning of my Test case***
2023-05-13 19:13:15 INFO  Log:19 - My test case is executing right now
2023-05-13 19:13:15 INFO  Log:24 - My test case might have some trivial issues
2023-05-13 19:13:22 INFO  Log:19 - This test case is about to get completed
2023-05-13 19:13:22 INFO  Log:13 - ######################################
2023-05-13 19:13:22 INFO  Log:14 - ######################################
2023-05-13 19:13:22 INFO  Log:15 - #################This test case is finished#####################
2023-05-13 19:14:29 INFO  Log:8 - ******
2023-05-13 19:14:29 INFO  Log:9 - ******
2023-05-13 19:14:29 INFO  Log:10 - ***This is the beginning of my Test case***
2023-05-13 19:14:29 INFO  Log:19 - My test case is executing right now
2023-05-13 19:14:29 INFO  Log:24 - My test case might have some trivial issues
2023-05-13 19:14:37 INFO  Log:19 - This test case is about to get completed
2023-05-13 19:14:37 INFO  Log:13 - ######################################
2023-05-13 19:14:37 INFO  Log:14 - ######################################
2023-05-13 19:14:37 INFO  Log:15 - #################This test case is finished#####################
2023-05-13 19:14:40 INFO  Log:8 - ******
2023-05-13 19:14:40 INFO  Log:9 - ******
2023-05-13 19:14:40 INFO  Log:10 - ***This is the beginning of my Test case***
2023-05-13 19:14:40 INFO  Log:19 - My test case is executing right now
2023-05-13 19:14:40 INFO  Log:24 - My test case might have some trivial issues
2023-05-13 19:14:47 INFO  Log:19 - This test case is about to get completed
2023-05-13 19:14:47 INFO  Log:13 - ######################################
2023-05-13 19:14:47 INFO  Log:14 - ######################################
2023-05-13 19:14:47 INFO  Log:15 - #################This test case is finished#####################
2023-05-13 19:14:49 INFO  Log:8 - ******
2023-05-13 19:14:49 INFO  Log:9 - ******
2023-05-13 19:14:49 INFO  Log:10 - ***This is the beginning of my Test case***
2023-05-13 19:14:49 INFO  Log:19 - My test case is executing right now
2023-05-13 19:14:49 INFO  Log:24 - My test case might have some trivial issues
2023-05-13 19:14:55 INFO  Log:19 - This test case is about to get completed
2023-05-13 19:14:55 INFO  Log:13 - ######################################
2023-05-13 19:14:55 INFO  Log:14 - ######################################
2023-05-13 19:14:55 INFO  Log:15 - #################This test case is finished#####################
2023-05-13 19:14:57 INFO  Log:8 - ******
2023-05-13 19:14:57 INFO  Log:9 - ******
2023-05-13 19:14:57 INFO  Log:10 - ***This is the beginning of my Test case***
2023-05-13 19:14:57 INFO  Log:19 - My test case is executing right now
2023-05-13 19:14:57 INFO  Log:24 - My test case might have some trivial issues
2023-05-13 19:15:05 INFO  Log:19 - This test case is about to get completed
2023-05-13 19:15:05 INFO  Log:13 - ######################################
2023-05-13 19:15:05 INFO  Log:14 - ######################################
2023-05-13 19:15:05 INFO  Log:15 - #################This test case is finished#####################
2023-05-13 19:15:07 INFO  Log:8 - ******
2023-05-13 19:15:07 INFO  Log:9 - ******
2023-05-13 19:15:07 INFO  Log:10 - ***This is the beginning of my Test case***
2023-05-13 19:15:07 INFO  Log:19 - My test case is executing right now
2023-05-13 19:15:07 INFO  Log:24 - My test case might have some trivial issues
2023-05-13 19:15:09 INFO  Log:19 - This test case is about to get completed
2023-05-13 19:15:09 INFO  Log:13 - ######################################
2023-05-13 19:15:09 INFO  Log:14 - ######################################
2023-05-13 19:15:09 INFO  Log:15 - #################This test case is finished#####################
2023-05-13 19:15:11 INFO  Log:8 - ******
2023-05-13 19:15:11 INFO  Log:9 - ******
2023-05-13 19:15:11 INFO  Log:10 - ***This is the beginning of my Test case***
2023-05-13 19:15:11 INFO  Log:19 - My test case is executing right now
2023-05-13 19:15:11 INFO  Log:24 - My test case might have some trivial issues
2023-05-13 19:15:14 INFO  Log:19 - This test case is about to get completed
2023-05-13 19:15:14 INFO  Log:13 - ######################################
2023-05-13 19:15:14 INFO  Log:14 - ######################################
2023-05-13 19:15:14 INFO  Log:15 - #################This test case is finished#####################
2023-05-13 19:15:16 INFO  Log:8 - ******
2023-05-13 19:15:16 INFO  Log:9 - ******
2023-05-13 19:15:16 INFO  Log:10 - ***This is the beginning of my Test case***
2023-05-13 19:15:16 INFO  Log:19 - My test case is executing right now
2023-05-13 19:15:16 INFO  Log:24 - My test case might have some trivial issues
2023-05-13 19:15:18 INFO  Log:19 - This test case is about to get completed
2023-05-13 19:15:18 INFO  Log:13 - ######################################
2023-05-13 19:15:18 INFO  Log:14 - ######################################
2023-05-13 19:15:18 INFO  Log:15 - #################This test case is finished#####################
2023-05-13 19:15:20 INFO  Log:8 - ******
2023-05-13 19:15:20 INFO  Log:9 - ******
2023-05-13 19:15:20 INFO  Log:10 - ***This is the beginning of my Test case***
2023-05-13 19:15:20 INFO  Log:19 - My test case is executing right now
2023-05-13 19:15:20 INFO  Log:24 - My test case might have some trivial issues
2023-05-13 19:15:22 INFO  Log:19 - This test case is about to get completed
2023-05-13 19:15:22 INFO  Log:13 - ######################################
2023-05-13 19:15:22 INFO  Log:14 - ######################################
2023-05-13 19:15:22 INFO  Log:15 - #################This test case is finished#####################
2023-05-13 19:15:24 INFO  Log:8 - ******
2023-05-13 19:15:24 INFO  Log:9 - ******
2023-05-13 19:15:24 INFO  Log:10 - ***This is the beginning of my Test case***
2023-05-13 19:15:24 INFO  Log:19 - My test case is executing right now
2023-05-13 19:15:24 INFO  Log:24 - My test case might have some trivial issues
2023-05-13 19:15:26 INFO  Log:19 - This test case is about to get completed
2023-05-13 19:15:26 INFO  Log:13 - ######################################
2023-05-13 19:15:26 INFO  Log:14 - ######################################
2023-05-13 19:15:26 INFO  Log:15 - #################This test case is finished#####################
2023-05-13 19:15:28 INFO  Log:8 - ******
2023-05-13 19:15:28 INFO  Log:9 - ******
2023-05-13 19:15:28 INFO  Log:10 - ***This is the beginning of my Test case***
2023-05-13 19:15:28 INFO  Log:19 - My test case is executing right now
2023-05-13 19:15:28 INFO  Log:24 - My test case might have some trivial issues
2023-05-13 19:15:35 INFO  Log:19 - This test case is about to get completed
2023-05-13 19:15:35 INFO  Log:13 - ######################################
2023-05-13 19:15:35 INFO  Log:14 - ######################################
2023-05-13 19:15:35 INFO  Log:15 - #################This test case is finished#####################
